Flutter crash report.
Please report a bug at https://github.com/flutter/flutter/issues.

## command

flutter run -d ED7E93C6-12AB-471E-9495-3ECEC98276D1 --dart-define=SUPABASE_URL=https://infosxkgsrmqmbkoutgq.supabase.co --dart-define=SUPABASE_ANON_KEY=eyJhbGciOiJIUzI1NiIsInR5cCI6IkpXVCJ9.eyJpc3MiOiJzdXBhYmFzZSIsInJlZiI6ImluZm9zeGtnc3JtcW1ia291dGdxIiwicm9sZSI6ImFub24iLCJpYXQiOjE3NzQ1OTg3MTUsImV4cCI6MjA5MDE3NDcxNX0.ZCWAVnKGe3eZXHWNEJS2q2dUNjnCnlspcZQczHxmBLY --dart-define=APP_URL=https://event-app-git-main-event-app1.vercel.app

## exception

FileSystemException: FileSystemException: Directory listing failed, path = '/Users/marktech/Documents/event-app/flutter/ios/Pods/FirebaseCore 2/FirebaseCore/' (OS Error: Resource deadlock avoided, errno = 11)

```
#0      _Directory._fillWithDirectoryListing (dart:io-patch/directory_patch.dart:49:4)
#1      _Directory.listSync (dart:io/directory_impl.dart:259:5)
#2      ForwardingDirectory.listSync (package:file/src/forwarding/forwarding_directory.dart:43:12)
#3      ForwardingDirectory.listSync (package:file/src/forwarding/forwarding_directory.dart:43:12)
#4      RunCommand._sharedAnalyticsUsageValues.<anonymous closure> (package:flutter_tools/src/commands/run.dart:621:14)
<asynchronous suspension>
#5      RunCommand.unifiedAnalyticsUsageValues (package:flutter_tools/src/commands/run.dart:546:47)
<asynchronous suspension>
#6      FlutterCommand.verifyThenRunCommand (package:flutter_tools/src/runner/flutter_command.dart:1935:22)
<asynchronous suspension>
#7      FlutterCommand.run.<anonymous closure> (package:flutter_tools/src/runner/flutter_command.dart:1590:27)
<asynchronous suspension>
#8      AppContext.run.<anonymous closure> (package:flutter_tools/src/base/context.dart:154:19)
<asynchronous suspension>
#9      CommandRunner.runCommand (package:args/command_runner.dart:212:13)
<asynchronous suspension>
#10     FlutterCommandRunner.runCommand.<anonymous closure> (package:flutter_tools/src/runner/flutter_command_runner.dart:496:9)
<asynchronous suspension>
#11     AppContext.run.<anonymous closure> (package:flutter_tools/src/base/context.dart:154:19)
<asynchronous suspension>
#12     FlutterCommandRunner.runCommand (package:flutter_tools/src/runner/flutter_command_runner.dart:431:5)
<asynchronous suspension>
#13     FlutterCommandRunner.run.<anonymous closure> (package:flutter_tools/src/runner/flutter_command_runner.dart:307:33)
<asynchronous suspension>
#14     run.<anonymous closure>.<anonymous closure> (package:flutter_tools/runner.dart:104:11)
<asynchronous suspension>
#15     AppContext.run.<anonymous closure> (package:flutter_tools/src/base/context.dart:154:19)
<asynchronous suspension>
#16     main (package:flutter_tools/executable.dart:103:3)
<asynchronous suspension>
```

## flutter doctor

```
[✓] Flutter (Channel stable, 3.41.6, on macOS 26.3.1 25D771280a darwin-arm64, locale en-MN) [1,961ms]
    • Flutter version 3.41.6 on channel stable at /opt/homebrew/share/flutter
    • Upstream repository https://github.com/flutter/flutter.git
    • Framework revision db50e20168 (3 days ago), 2026-03-25 16:21:00 -0700
    • Engine revision 425cfb54d0
    • Dart version 3.11.4
    • DevTools version 2.54.2
    • Feature flags: enable-web, enable-linux-desktop, enable-macos-desktop, enable-windows-desktop, enable-android, enable-ios, cli-animations, enable-native-assets, omit-legacy-version-file, enable-lldb-debugging, enable-uiscene-migration

[✗] Android toolchain - develop for Android devices [554ms]
    ✗ Unable to locate Android SDK.
      Install Android Studio from: https://developer.android.com/studio/index.html
      On first launch it will assist you in installing the Android SDK components.
      (or visit https://flutter.dev/to/macos-android-setup for detailed instructions).
      If the Android SDK has been installed to a custom location, please use
      `flutter config --android-sdk` to update to that location.


[✓] Xcode - develop for iOS and macOS (Xcode 26.4) [4.3s]
    • Xcode at /Applications/Xcode.app/Contents/Developer
    • Build 17E192
    • CocoaPods version 1.16.2

[✓] Chrome - develop for the web [25ms]
    • Chrome at /Applications/Google Chrome.app/Contents/MacOS/Google Chrome

[✓] Connected device (5 available) [11.5s]
    • iPhone 17 (mobile)           • 1DC2FEA6-1BDB-436E-A646-13EE227768C9 • ios            • com.apple.CoreSimulator.SimRuntime.iOS-26-4 (simulator)
    • iPhone 16 Pro (mobile)       • D61E9CE3-602C-4662-AB1D-6B849A7BD07B • ios            • com.apple.CoreSimulator.SimRuntime.iOS-18-6 (simulator)
    • iPhone 16 Pro iOS18 (mobile) • ED7E93C6-12AB-471E-9495-3ECEC98276D1 • ios            • com.apple.CoreSimulator.SimRuntime.iOS-18-6 (simulator)
    • macOS (desktop)              • macos                                • darwin-arm64   • macOS 26.3.1 25D771280a darwin-arm64
    • Chrome (web)                 • chrome                               • web-javascript • Google Chrome 146.0.7680.165

[✓] Network resources [1,476ms]
    • All expected network resources are available.

! Doctor found issues in 1 category.
```
